This is pdfTeX, Version 3.14159265-2.6-1.40.18 (MiKTeX 2.9.6400) (preloaded format=pdflatex 2017.9.25)  27 NOV 2017 11:35
entering extended mode
**./informe.tex
(informe.tex
LaTeX2e <2017-04-15>
Babel <3.13> and hyphenation patterns for 1 language(s) loaded.
(informe.cls
Document Class: informe 
\@IEEEtrantmpdimenA=\dimen102
\@IEEEtrantmpdimenB=\dimen103
\@IEEEtrantmpcountA=\count79
\@IEEEtrantmpcountB=\count80
\@IEEEtrantmptoksA=\toks14
LaTeX Font Info:    Try loading font information for OT1+ptm on input line 695.

(/home/edgardo/.miktex/texmfs/install/tex/latex/psnfss/ot1ptm.fd
File: ot1ptm.fd 2001/06/04 font definitions for OT1/ptm.
)
-- This is a 10 point document.
\normalsizebaselineskip=\skip41
\normaljot=\skip42
LaTeX Font Info:    Font shape `OT1/ptm/bx/n' in size <5> not available
(Font)              Font shape `OT1/ptm/b/n' tried instead on input line 993.
LaTeX Font Info:    Font shape `OT1/ptm/bx/it' in size <5> not available
(Font)              Font shape `OT1/ptm/b/it' tried instead on input line 993.
LaTeX Font Info:    Font shape `OT1/ptm/bx/n' in size <7> not available
(Font)              Font shape `OT1/ptm/b/n' tried instead on input line 993.
LaTeX Font Info:    Font shape `OT1/ptm/bx/it' in size <7> not available
(Font)              Font shape `OT1/ptm/b/it' tried instead on input line 993.
LaTeX Font Info:    Font shape `OT1/ptm/bx/n' in size <8> not available
(Font)              Font shape `OT1/ptm/b/n' tried instead on input line 993.
LaTeX Font Info:    Font shape `OT1/ptm/bx/it' in size <8> not available
(Font)              Font shape `OT1/ptm/b/it' tried instead on input line 993.
LaTeX Font Info:    Font shape `OT1/ptm/bx/n' in size <9> not available
(Font)              Font shape `OT1/ptm/b/n' tried instead on input line 993.
LaTeX Font Info:    Font shape `OT1/ptm/bx/it' in size <9> not available
(Font)              Font shape `OT1/ptm/b/it' tried instead on input line 993.
LaTeX Font Info:    Font shape `OT1/ptm/bx/n' in size <10> not available
(Font)              Font shape `OT1/ptm/b/n' tried instead on input line 993.
LaTeX Font Info:    Font shape `OT1/ptm/bx/it' in size <10> not available
(Font)              Font shape `OT1/ptm/b/it' tried instead on input line 993.
LaTeX Font Info:    Font shape `OT1/ptm/bx/n' in size <11> not available
(Font)              Font shape `OT1/ptm/b/n' tried instead on input line 993.
LaTeX Font Info:    Font shape `OT1/ptm/bx/it' in size <11> not available
(Font)              Font shape `OT1/ptm/b/it' tried instead on input line 993.
LaTeX Font Info:    Font shape `OT1/ptm/bx/n' in size <12> not available
(Font)              Font shape `OT1/ptm/b/n' tried instead on input line 993.
LaTeX Font Info:    Font shape `OT1/ptm/bx/it' in size <12> not available
(Font)              Font shape `OT1/ptm/b/it' tried instead on input line 993.
LaTeX Font Info:    Font shape `OT1/ptm/bx/n' in size <17> not available
(Font)              Font shape `OT1/ptm/b/n' tried instead on input line 993.
LaTeX Font Info:    Font shape `OT1/ptm/bx/it' in size <17> not available
(Font)              Font shape `OT1/ptm/b/it' tried instead on input line 993.
LaTeX Font Info:    Font shape `OT1/ptm/bx/n' in size <20> not available
(Font)              Font shape `OT1/ptm/b/n' tried instead on input line 993.
LaTeX Font Info:    Font shape `OT1/ptm/bx/it' in size <20> not available
(Font)              Font shape `OT1/ptm/b/it' tried instead on input line 993.
LaTeX Font Info:    Font shape `OT1/ptm/bx/n' in size <24> not available
(Font)              Font shape `OT1/ptm/b/n' tried instead on input line 993.
LaTeX Font Info:    Font shape `OT1/ptm/bx/it' in size <24> not available
(Font)              Font shape `OT1/ptm/b/it' tried instead on input line 993.
\IEEEilabelindentA=\dimen104
\IEEEilabelindentB=\dimen105
\IEEEilabelindent=\dimen106
\IEEEelabelindent=\dimen107
\IEEEdlabelindent=\dimen108
\labelindent=\dimen109
\IEEEiednormlabelsep=\dimen110
\IEEEiedmathlabelsep=\dimen111
\IEEEiedtopsep=\skip43
\c@section=\count81
\c@subsection=\count82
\c@subsubsection=\count83
\c@paragraph=\count84
\c@IEEEsubequation=\count85
\abovecaptionskip=\skip44
\belowcaptionskip=\skip45
\c@figure=\count86
\c@table=\count87
\@IEEEeqnnumcols=\count88
\@IEEEeqncolcnt=\count89
\@IEEEtmpitemindent=\dimen112
\c@biography=\count90
\@IEEEtranrubishbin=\box26
) (/home/edgardo/.miktex/texmfs/install/tex/latex/base/inputenc.sty
Package: inputenc 2015/03/17 v1.2c Input encoding file
\inpenc@prehook=\toks15
\inpenc@posthook=\toks16

(/home/edgardo/.miktex/texmfs/install/tex/latex/base/latin1.def
File: latin1.def 2015/03/17 v1.2c Input encoding file
))
(/home/edgardo/.miktex/texmfs/install/tex/generic/babel/babel.sty
Package: babel 2017/09/18 3.13 The Babel package

(/home/edgardo/.miktex/texmfs/install/tex/generic/babel/switch.def
File: switch.def 2017/09/18 3.13 Babel switching mechanism
)
*************************************
* Local config file bblopts.cfg used
*
(/home/edgardo/.miktex/texmfs/install/tex/latex/arabi/bblopts.cfg
File: bblopts.cfg 2005/09/08 v0.1 add Arabic and Farsi to "declared" options of
 babel
)
(/home/edgardo/.miktex/texmfs/install/tex/latex/babel-spanish/spanish.ldf
Language: spanish.ldf 2016/03/03 v5.0p Spanish support from the babel system

(/home/edgardo/.miktex/texmfs/install/tex/generic/babel/babel.def
File: babel.def 2017/09/18 3.13 Babel common definitions

(/home/edgardo/.miktex/texmfs/install/tex/generic/babel/switch.def
File: switch.def 2017/09/18 3.13 Babel switching mechanism
)
\babel@savecnt=\count91
\U@D=\dimen113
)

Package babel Warning: No hyphenation patterns were preloaded for
(babel)                the language `Spanish' into the format.
(babel)                Please, configure your TeX system to add them and
(babel)                rebuild the format. Now I will use the patterns
(babel)                preloaded for \language=0 instead on input line 51.

\l@spanish = a dialect from \language0
\es@quottoks=\toks17
\es@quotdepth=\count92
Package babel Info: Making " an active character on input line 561.
Package babel Info: Making . an active character on input line 662.
Package babel Info: Making < an active character on input line 707.
Package babel Info: Making > an active character on input line 707.
)) (/home/edgardo/.miktex/texmfs/install/tex/latex/graphics/graphicx.sty
Package: graphicx 2017/06/01 v1.1a Enhanced LaTeX Graphics (DPC,SPQR)

(/home/edgardo/.miktex/texmfs/install/tex/latex/graphics/keyval.sty
Package: keyval 2014/10/28 v1.15 key=value parser (DPC)
\KV@toks@=\toks18
)
(/home/edgardo/.miktex/texmfs/install/tex/latex/graphics/graphics.sty
Package: graphics 2017/06/25 v1.2c Standard LaTeX Graphics (DPC,SPQR)

(/home/edgardo/.miktex/texmfs/install/tex/latex/graphics/trig.sty
Package: trig 2016/01/03 v1.10 sin cos tan (DPC)
)
(/home/edgardo/.miktex/texmfs/install/tex/latex/graphics-cfg/graphics.cfg
File: graphics.cfg 2016/06/04 v1.11 sample graphics configuration
)
Package graphics Info: Driver file: pdftex.def on input line 99.

(/home/edgardo/.miktex/texmfs/install/tex/latex/graphics-def/pdftex.def
File: pdftex.def 2017/06/24 v1.0g Graphics/color driver for pdftex
))
\Gin@req@height=\dimen114
\Gin@req@width=\dimen115
)
(/home/edgardo/.miktex/texmfs/install/tex/latex/mathtools/mathtools.sty
Package: mathtools 2017/10/30 v1.20 mathematical typesetting tools

(/home/edgardo/.miktex/texmfs/install/tex/latex/tools/calc.sty
Package: calc 2014/10/28 v4.3 Infix arithmetic (KKT,FJ)
\calc@Acount=\count93
\calc@Bcount=\count94
\calc@Adimen=\dimen116
\calc@Bdimen=\dimen117
\calc@Askip=\skip46
\calc@Bskip=\skip47
LaTeX Info: Redefining \setlength on input line 80.
LaTeX Info: Redefining \addtolength on input line 81.
\calc@Ccount=\count95
\calc@Cskip=\skip48
)
(/home/edgardo/.miktex/texmfs/install/tex/latex/mathtools/mhsetup.sty
Package: mhsetup 2017/03/31 v1.3 programming setup (MH)
)
(/home/edgardo/.miktex/texmfs/install/tex/latex/amsmath/amsmath.sty
Package: amsmath 2017/09/02 v2.17a AMS math features
\@mathmargin=\skip49

For additional information on amsmath, use the `?' option.
(/home/edgardo/.miktex/texmfs/install/tex/latex/amsmath/amstext.sty
Package: amstext 2000/06/29 v2.01 AMS text

(/home/edgardo/.miktex/texmfs/install/tex/latex/amsmath/amsgen.sty
File: amsgen.sty 1999/11/30 v2.0 generic functions
\@emptytoks=\toks19
\ex@=\dimen118
))
(/home/edgardo/.miktex/texmfs/install/tex/latex/amsmath/amsbsy.sty
Package: amsbsy 1999/11/29 v1.2d Bold Symbols
\pmbraise@=\dimen119
)
(/home/edgardo/.miktex/texmfs/install/tex/latex/amsmath/amsopn.sty
Package: amsopn 2016/03/08 v2.02 operator names
)
\inf@bad=\count96
LaTeX Info: Redefining \frac on input line 213.
\uproot@=\count97
\leftroot@=\count98
LaTeX Info: Redefining \overline on input line 375.
\classnum@=\count99
\DOTSCASE@=\count100
LaTeX Info: Redefining \ldots on input line 472.
LaTeX Info: Redefining \dots on input line 475.
LaTeX Info: Redefining \cdots on input line 596.
\Mathstrutbox@=\box27
\strutbox@=\box28
\big@size=\dimen120
LaTeX Font Info:    Redeclaring font encoding OML on input line 712.
LaTeX Font Info:    Redeclaring font encoding OMS on input line 713.
\macc@depth=\count101
\c@MaxMatrixCols=\count102
\dotsspace@=\muskip10
\c@parentequation=\count103
\dspbrk@lvl=\count104
\tag@help=\toks20
\row@=\count105
\column@=\count106
\maxfields@=\count107
\andhelp@=\toks21
\eqnshift@=\dimen121
\alignsep@=\dimen122
\tagshift@=\dimen123
\tagwidth@=\dimen124
\totwidth@=\dimen125
\lineht@=\dimen126
\@envbody=\toks22
\multlinegap=\skip50
\multlinetaggap=\skip51
\mathdisplay@stack=\toks23
LaTeX Info: Redefining \[ on input line 2817.
LaTeX Info: Redefining \] on input line 2818.
)
LaTeX Info: Thecontrolsequence`\('isalreadyrobust on input line 129.
LaTeX Info: Thecontrolsequence`\)'isalreadyrobust on input line 129.
LaTeX Info: Thecontrolsequence`\['isalreadyrobust on input line 129.
LaTeX Info: Thecontrolsequence`\]'isalreadyrobust on input line 129.
\g_MT_multlinerow_int=\count108
\l_MT_multwidth_dim=\dimen127
\origjot=\skip52
\l_MT_shortvdotswithinadjustabove_dim=\dimen128
\l_MT_shortvdotswithinadjustbelow_dim=\dimen129
\l_MT_above_intertext_sep=\dimen130
\l_MT_below_intertext_sep=\dimen131
\l_MT_above_shortintertext_sep=\dimen132
\l_MT_below_shortintertext_sep=\dimen133
)
(/home/edgardo/.miktex/texmfs/install/tex/latex/hyperref/hyperref.sty
Package: hyperref 2017/03/14 v6.85a Hypertext links for LaTeX

(/home/edgardo/.miktex/texmfs/install/tex/generic/oberdiek/hobsub-hyperref.sty
Package: hobsub-hyperref 2016/05/16 v1.14 Bundle oberdiek, subset hyperref (HO)


(/home/edgardo/.miktex/texmfs/install/tex/generic/oberdiek/hobsub-generic.sty
Package: hobsub-generic 2016/05/16 v1.14 Bundle oberdiek, subset generic (HO)
Package: hobsub 2016/05/16 v1.14 Construct package bundles (HO)
Package: infwarerr 2016/05/16 v1.4 Providing info/warning/error messages (HO)
Package: ltxcmds 2016/05/16 v1.23 LaTeX kernel commands for general use (HO)
Package: ifluatex 2016/05/16 v1.4 Provides the ifluatex switch (HO)
Package ifluatex Info: LuaTeX not detected.
Package: ifvtex 2016/05/16 v1.6 Detect VTeX and its facilities (HO)
Package ifvtex Info: VTeX not detected.
Package: intcalc 2016/05/16 v1.2 Expandable calculations with integers (HO)
Package: ifpdf 2017/03/15 v3.2 Provides the ifpdf switch
Package: etexcmds 2016/05/16 v1.6 Avoid name clashes with e-TeX commands (HO)
Package etexcmds Info: Could not find \expanded.
(etexcmds)             That can mean that you are not using pdfTeX 1.50 or
(etexcmds)             that some package has redefined \expanded.
(etexcmds)             In the latter case, load this package earlier.
Package: kvsetkeys 2016/05/16 v1.17 Key value parser (HO)
Package: kvdefinekeys 2016/05/16 v1.4 Define keys (HO)
Package: pdftexcmds 2017/03/19 v0.25 Utility functions of pdfTeX for LuaTeX (HO
)
Package pdftexcmds Info: LuaTeX not detected.
Package pdftexcmds Info: \pdf@primitive is available.
Package pdftexcmds Info: \pdf@ifprimitive is available.
Package pdftexcmds Info: \pdfdraftmode found.
Package: pdfescape 2016/05/16 v1.14 Implements pdfTeX's escape features (HO)
Package: bigintcalc 2016/05/16 v1.4 Expandable calculations on big integers (HO
)
Package: bitset 2016/05/16 v1.2 Handle bit-vector datatype (HO)
Package: uniquecounter 2016/05/16 v1.3 Provide unlimited unique counter (HO)
)
Package hobsub Info: Skipping package `hobsub' (already loaded).
Package: letltxmacro 2016/05/16 v1.5 Let assignment for LaTeX macros (HO)
Package: hopatch 2016/05/16 v1.3 Wrapper for package hooks (HO)
Package: xcolor-patch 2016/05/16 xcolor patch
Package: atveryend 2016/05/16 v1.9 Hooks at the very end of document (HO)
Package atveryend Info: \enddocument detected (standard20110627).
Package: atbegshi 2016/06/09 v1.18 At begin shipout hook (HO)
Package: refcount 2016/05/16 v3.5 Data extraction from label references (HO)
Package: hycolor 2016/05/16 v1.8 Color options for hyperref/bookmark (HO)
) (/home/edgardo/.miktex/texmfs/install/tex/generic/ifxetex/ifxetex.sty
Package: ifxetex 2010/09/12 v0.6 Provides ifxetex conditional
)
(/home/edgardo/.miktex/texmfs/install/tex/latex/oberdiek/auxhook.sty
Package: auxhook 2016/05/16 v1.4 Hooks for auxiliary files (HO)
)
(/home/edgardo/.miktex/texmfs/install/tex/latex/oberdiek/kvoptions.sty
Package: kvoptions 2016/05/16 v3.12 Key value format for package options (HO)
)
\@linkdim=\dimen134
\Hy@linkcounter=\count109
\Hy@pagecounter=\count110

(/home/edgardo/.miktex/texmfs/install/tex/latex/hyperref/pd1enc.def
File: pd1enc.def 2017/03/14 v6.85a Hyperref: PDFDocEncoding definition (HO)
)
\Hy@SavedSpaceFactor=\count111

(/home/edgardo/.miktex/texmfs/install/tex/latex/00miktex/hyperref.cfg
File: hyperref.cfg 2002/06/06 v1.2 hyperref configuration of TeXLive
)
Package hyperref Info: Option `final' set `true' on input line 4374.
Package hyperref Info: Hyper figures OFF on input line 4498.
Package hyperref Info: Link nesting OFF on input line 4503.
Package hyperref Info: Hyper index ON on input line 4506.
Package hyperref Info: Plain pages OFF on input line 4513.
Package hyperref Info: Backreferencing OFF on input line 4518.
Package hyperref Info: Implicit mode ON; LaTeX internals redefined.
Package hyperref Info: Bookmarks ON on input line 4751.
\c@Hy@tempcnt=\count112

(/home/edgardo/.miktex/texmfs/install/tex/latex/url/url.sty
\Urlmuskip=\muskip11
Package: url 2013/09/16  ver 3.4  Verb mode for urls, etc.
)
LaTeX Info: Redefining \url on input line 5104.
\XeTeXLinkMargin=\dimen135
\Fld@menulength=\count113
\Field@Width=\dimen136
\Fld@charsize=\dimen137
Package hyperref Info: Hyper figures OFF on input line 6358.
Package hyperref Info: Link nesting OFF on input line 6363.
Package hyperref Info: Hyper index ON on input line 6366.
Package hyperref Info: backreferencing OFF on input line 6373.
Package hyperref Info: Link coloring OFF on input line 6378.
Package hyperref Info: Link coloring with OCG OFF on input line 6383.
Package hyperref Info: PDF/A mode OFF on input line 6388.
LaTeX Info: Redefining \ref on input line 6428.
LaTeX Info: Redefining \pageref on input line 6432.
\Hy@abspage=\count114
\c@Item=\count115
\c@Hfootnote=\count116
)

Package hyperref Message: Driver (autodetected): hpdftex.

(/home/edgardo/.miktex/texmfs/install/tex/latex/hyperref/hpdftex.def
File: hpdftex.def 2017/03/14 v6.85a Hyperref driver for pdfTeX
\Fld@listcount=\count117
\c@bookmark@seq@number=\count118

(/home/edgardo/.miktex/texmfs/install/tex/latex/oberdiek/rerunfilecheck.sty
Package: rerunfilecheck 2016/05/16 v1.8 Rerun checks for auxiliary files (HO)
Package uniquecounter Info: New unique counter `rerunfilecheck' on input line 2
82.
)
\Hy@SectionHShift=\skip53
)
(/home/edgardo/.miktex/texmfs/install/tex/latex/listings/listings.sty
\lst@mode=\count119
\lst@gtempboxa=\box29
\lst@token=\toks24
\lst@length=\count120
\lst@currlwidth=\dimen138
\lst@column=\count121
\lst@pos=\count122
\lst@lostspace=\dimen139
\lst@width=\dimen140
\lst@newlines=\count123
\lst@lineno=\count124
\lst@maxwidth=\dimen141

(/home/edgardo/.miktex/texmfs/install/tex/latex/listings/lstmisc.sty
File: lstmisc.sty 2015/06/04 1.6 (Carsten Heinz)
\c@lstnumber=\count125
\lst@skipnumbers=\count126
\lst@framebox=\box30
)
(/home/edgardo/.miktex/texmfs/install/tex/latex/listings/listings.cfg
File: listings.cfg 2015/06/04 1.6 listings configuration
))
Package: listings 2015/06/04 1.6 (Carsten Heinz)

(/home/edgardo/.miktex/texmfs/install/tex/latex/graphics/color.sty
Package: color 2016/07/10 v1.1e Standard LaTeX Color (DPC)

(/home/edgardo/.miktex/texmfs/install/tex/latex/graphics-cfg/color.cfg
File: color.cfg 2016/01/02 v1.6 sample color configuration
)
Package color Info: Driver file: pdftex.def on input line 147.

(/home/edgardo/.miktex/texmfs/install/tex/latex/graphics/dvipsnam.def
File: dvipsnam.def 2016/06/17 v3.0m Driver-dependent file (DPC,SPQR)
))
(/home/edgardo/.miktex/texmfs/install/tex/latex/xcolor/xcolor.sty
Package: xcolor 2016/05/11 v2.12 LaTeX color extensions (UK)

(/home/edgardo/.miktex/texmfs/install/tex/latex/graphics-cfg/color.cfg
File: color.cfg 2016/01/02 v1.6 sample color configuration
)
Package xcolor Info: Driver file: pdftex.def on input line 225.

(/home/edgardo/.miktex/texmfs/install/tex/latex/colortbl/colortbl.sty
Package: colortbl 2012/02/13 v1.0a Color table columns (DPC)

(/home/edgardo/.miktex/texmfs/install/tex/latex/tools/array.sty
Package: array 2016/10/06 v2.4d Tabular extension package (FMi)
\col@sep=\dimen142
\extrarowheight=\dimen143
\NC@list=\toks25
\extratabsurround=\skip54
\backup@length=\skip55
)
\everycr=\toks26
\minrowclearance=\skip56
)
LaTeX Info: Redefining \color on input line 709.
\rownum=\count127
Package xcolor Info: Model `cmy' substituted by `cmy0' on input line 1348.
Package xcolor Info: Model `hsb' substituted by `rgb' on input line 1352.
Package xcolor Info: Model `RGB' extended on input line 1364.
Package xcolor Info: Model `HTML' substituted by `rgb' on input line 1366.
Package xcolor Info: Model `Hsb' substituted by `hsb' on input line 1367.
Package xcolor Info: Model `tHsb' substituted by `hsb' on input line 1368.
Package xcolor Info: Model `HSB' substituted by `hsb' on input line 1369.
Package xcolor Info: Model `Gray' substituted by `gray' on input line 1370.
Package xcolor Info: Model `wave' substituted by `hsb' on input line 1371.
)
(/home/edgardo/.miktex/texmfs/install/tex/latex/setspace/setspace.sty
Package: setspace 2011/12/19 v6.7a set line spacing
)
(/home/edgardo/.miktex/texmfs/install/tex/latex/algorithm2e/algorithm2e.sty
Package: algorithm2e 2017/07/18 v5.2 algorithms environments
\c@AlgoLine=\count128

(/home/edgardo/.miktex/texmfs/install/tex/latex/base/ifthen.sty
Package: ifthen 2014/09/29 v1.1c Standard LaTeX ifthen package (DPC)
)
\algocf@hangindent=\skip57

(/home/edgardo/.miktex/texmfs/install/tex/latex/ifoddpage/ifoddpage.sty
Package: ifoddpage 2016/04/23 v1.1 Conditionals for odd/even page detection
\c@checkoddpage=\count129
)
(/home/edgardo/.miktex/texmfs/install/tex/latex/tools/xspace.sty
Package: xspace 2014/10/28 v1.13 Space after command names (DPC,MH)
)
(/home/edgardo/.miktex/texmfs/install/tex/latex/relsize/relsize.sty
Package: relsize 2013/03/29 ver 4.1
)
\skiptotal=\skip58
\skiplinenumber=\skip59
\skiprule=\skip60
\skiphlne=\skip61
\skiptext=\skip62
\skiplength=\skip63
\algomargin=\skip64
\skipalgocfslide=\skip65
\algowidth=\dimen144
\inoutsize=\dimen145
\inoutindent=\dimen146
\interspacetitleruled=\dimen147
\interspacealgoruled=\dimen148
\interspacetitleboxruled=\dimen149
\algocf@ruledwidth=\skip66
\algocf@inoutbox=\box31
\algocf@inputbox=\box32
\AlCapSkip=\skip67
\AlCapHSkip=\skip68
\algoskipindent=\skip69
\algocf@nlbox=\box33
\algocf@hangingbox=\box34
\algocf@untilbox=\box35
\algocf@skipuntil=\skip70
\algocf@capbox=\box36
\algocf@lcaptionbox=\skip71
\algoheightruledefault=\skip72
\algoheightrule=\skip73
\algotitleheightruledefault=\skip74
\algotitleheightrule=\skip75
\c@algocfline=\count130
\c@algocfproc=\count131
\c@algocf=\count132
\algocf@algoframe=\box37
\algocf@algobox=\box38
)
(informe.aux
LaTeX Info: Redefining \. on input line 28.
LaTeX Info: Redefining \% on input line 28.
)
\openout1 = `informe.aux'.

LaTeX Font Info:    Checking defaults for OML/cmm/m/it on input line 17.
LaTeX Font Info:    ... okay on input line 17.
LaTeX Font Info:    Checking defaults for T1/cmr/m/n on input line 17.
LaTeX Font Info:    ... okay on input line 17.
LaTeX Font Info:    Checking defaults for OT1/cmr/m/n on input line 17.
LaTeX Font Info:    ... okay on input line 17.
LaTeX Font Info:    Checking defaults for OMS/cmsy/m/n on input line 17.
LaTeX Font Info:    ... okay on input line 17.
LaTeX Font Info:    Checking defaults for OMX/cmex/m/n on input line 17.
LaTeX Font Info:    ... okay on input line 17.
LaTeX Font Info:    Checking defaults for U/cmr/m/n on input line 17.
LaTeX Font Info:    ... okay on input line 17.
LaTeX Font Info:    Checking defaults for PD1/pdf/m/n on input line 17.
LaTeX Font Info:    ... okay on input line 17.
LaTeX Info: Redefining \. on input line 17.
LaTeX Info: Redefining \% on input line 17.

(/home/edgardo/.miktex/texmfs/install/tex/context/base/supp-pdf.mkii
[Loading MPS to PDF converter (version 2006.09.02).]
\scratchcounter=\count133
\scratchdimen=\dimen150
\scratchbox=\box39
\nofMPsegments=\count134
\nofMParguments=\count135
\everyMPshowfont=\toks27
\MPscratchCnt=\count136
\MPscratchDim=\dimen151
\MPnumerator=\count137
\makeMPintoPDFobject=\count138
\everyMPtoPDFconversion=\toks28
) (/home/edgardo/.miktex/texmfs/install/tex/latex/oberdiek/epstopdf-base.sty
Package: epstopdf-base 2016/05/15 v2.6 Base part for package epstopdf

(/home/edgardo/.miktex/texmfs/install/tex/latex/oberdiek/grfext.sty
Package: grfext 2016/05/16 v1.2 Manage graphics extensions (HO)
)
Package epstopdf-base Info: Redefining graphics rule for `.eps' on input line 4
38.
Package grfext Info: Graphics extension search list:
(grfext)             [.pdf,.png,.jpg,.mps,.jpeg,.jbig2,.jb2,.PDF,.PNG,.JPG,.JPE
G,.JBIG2,.JB2,.eps]
(grfext)             \AppendGraphicsExtensions on input line 456.
)
\AtBeginShipoutBox=\box40
Package hyperref Info: Link coloring OFF on input line 17.

(/home/edgardo/.miktex/texmfs/install/tex/latex/hyperref/nameref.sty
Package: nameref 2016/05/21 v2.44 Cross-referencing by name of section

(/home/edgardo/.miktex/texmfs/install/tex/generic/oberdiek/gettitlestring.sty
Package: gettitlestring 2016/05/16 v1.5 Cleanup title references (HO)
)
\c@section@level=\count139
)
LaTeX Info: Redefining \ref on input line 17.
LaTeX Info: Redefining \pageref on input line 17.
LaTeX Info: Redefining \nameref on input line 17.
(informe.out) (informe.out)
\@outlinefile=\write3
\openout3 = `informe.out'.

\c@lstlisting=\count140
Package babel Info: Redefining spanish shorthand <<
(babel)             in language  on input line 29.
Package babel Info: Redefining spanish shorthand >>
(babel)             in language  on input line 29.
Package babel Info: Redefining spanish shorthand "=
(babel)             in language  on input line 29.
Package babel Info: Redefining spanish shorthand "~
(babel)             in language  on input line 29.
Package babel Info: Redefining spanish shorthand "!
(babel)             in language  on input line 29.
Package babel Info: Redefining spanish shorthand "?
(babel)             in language  on input line 29.
<fig1.PNG, id=18, 434.37282pt x 153.57375pt>
File: fig1.PNG Graphic file (type png)
<use fig1.PNG>
Package pdftex.def Info: fig1.PNG  used on input line 41. on input line 41.
Package pdftex.def Info: Requested size: 152.03276pt x 53.7516pt on input line 
41.

Underfull \hbox (badness 10000) in paragraph at lines 50--51
[]\OT1/ptm/m/n/10 Para comen-zar de defi-ni[]o una fun-ci[]on(script)
 []


Underfull \hbox (badness 10000) in paragraph at lines 54--55

 []


Overfull \hbox (5.36807pt too wide) in paragraph at lines 62--85
[][] 
 []


Underfull \hbox (badness 2277) in paragraph at lines 87--89
[]\OT1/ptm/m/n/10 Para re-alizar la com-para-ci[]on se uti-li-zo el m[]eto-do
 []


Underfull \hbox (badness 3240) in paragraph at lines 87--89
\OT1/ptm/m/n/10 la elim-i-naci[]on gaus-siana de cualquier sis-tema lin-eal
 []


Underfull \hbox (badness 10000) in paragraph at lines 87--89

 []


Underfull \hbox (badness 5475) in paragraph at lines 99--100
\OT1/ptm/m/n/10 se im-ple-men-to el m[]eto-do []log[]plot[] que recibe por
 []


Underfull \hbox (badness 10000) in paragraph at lines 99--100

 []

<250.png, id=34, 612.2875pt x 461.725pt>
File: 250.png Graphic file (type png)
<use 250.png>
Package pdftex.def Info: 250.png  used on input line 102. on input line 102.
Package pdftex.def Info: Requested size: 244.91066pt x 184.68672pt on input lin
e 102.
<250-3.png, id=35, 612.2875pt x 461.725pt>
File: 250-3.png Graphic file (type png)
<use 250-3.png>
Package pdftex.def Info: 250-3.png  used on input line 108. on input line 108.
Package pdftex.def Info: Requested size: 244.91066pt x 184.68672pt on input lin
e 108.
<500.png, id=36, 612.2875pt x 461.725pt>
File: 500.png Graphic file (type png)
<use 500.png>
Package pdftex.def Info: 500.png  used on input line 114. on input line 114.
Package pdftex.def Info: Requested size: 244.91066pt x 184.68672pt on input lin
e 114.
<500-3.png, id=37, 612.2875pt x 461.725pt>
File: 500-3.png Graphic file (type png)
<use 500-3.png>
Package pdftex.def Info: 500-3.png  used on input line 120. on input line 120.
Package pdftex.def Info: Requested size: 244.91066pt x 184.68672pt on input lin
e 120.
<1000.png, id=38, 612.2875pt x 461.725pt>
File: 1000.png Graphic file (type png)
<use 1000.png>
Package pdftex.def Info: 1000.png  used on input line 126. on input line 126.
Package pdftex.def Info: Requested size: 244.91066pt x 184.68672pt on input lin
e 126.
<1000-3.png, id=39, 612.2875pt x 461.725pt>
File: 1000-3.png Graphic file (type png)
<use 1000-3.png>
Package pdftex.def Info: 1000-3.png  used on input line 132. on input line 132.

Package pdftex.def Info: Requested size: 244.91066pt x 184.68672pt on input lin
e 132.

Underfull \vbox (badness 1057) has occurred while \output is active []

LaTeX Info: Redefining \. on input line 151.
LaTeX Info: Redefining \% on input line 151.
Package babel Info: Redefining spanish shorthand <<
(babel)             in language  on input line 151.
Package babel Info: Redefining spanish shorthand >>
(babel)             in language  on input line 151.
Package babel Info: Redefining spanish shorthand "=
(babel)             in language  on input line 151.
Package babel Info: Redefining spanish shorthand "~
(babel)             in language  on input line 151.
Package babel Info: Redefining spanish shorthand "!
(babel)             in language  on input line 151.
Package babel Info: Redefining spanish shorthand "?
(babel)             in language  on input line 151.
Package babel Info: Redefining spanish shorthand <<
(babel)             in language  on input line 151.
Package babel Info: Redefining spanish shorthand >>
(babel)             in language  on input line 151.
Package babel Info: Redefining spanish shorthand "=
(babel)             in language  on input line 151.
Package babel Info: Redefining spanish shorthand "~
(babel)             in language  on input line 151.
Package babel Info: Redefining spanish shorthand "!
(babel)             in language  on input line 151.
Package babel Info: Redefining spanish shorthand "?
(babel)             in language  on input line 151.
 [1{/home/edgardo/.miktex/texmfs/data/pdftex/config/pdftex.map}


 <./fig1.PNG>]
LaTeX Info: Redefining \. on input line 151.
LaTeX Info: Redefining \% on input line 151.
Package babel Info: Redefining spanish shorthand <<
(babel)             in language  on input line 151.
Package babel Info: Redefining spanish shorthand >>
(babel)             in language  on input line 151.
Package babel Info: Redefining spanish shorthand "=
(babel)             in language  on input line 151.
Package babel Info: Redefining spanish shorthand "~
(babel)             in language  on input line 151.
Package babel Info: Redefining spanish shorthand "!
(babel)             in language  on input line 151.
Package babel Info: Redefining spanish shorthand "?
(babel)             in language  on input line 151.
Package babel Info: Redefining spanish shorthand <<
(babel)             in language  on input line 151.
Package babel Info: Redefining spanish shorthand >>
(babel)             in language  on input line 151.
Package babel Info: Redefining spanish shorthand "=
(babel)             in language  on input line 151.
Package babel Info: Redefining spanish shorthand "~
(babel)             in language  on input line 151.
Package babel Info: Redefining spanish shorthand "!
(babel)             in language  on input line 151.
Package babel Info: Redefining spanish shorthand "?
(babel)             in language  on input line 151.
 [2 <./250.png (PNG copy)> <./250-3.png (PNG copy)> <./500.png (PNG copy)> <./5
00-3.png (PNG copy)> <./1000.png (PNG copy)> <./1000-3.png (PNG copy)>]
Underfull \hbox (badness 1590) in paragraph at lines 152--155
[]\OT1/ptm/m/n/10 Los re-sul-ta-dos fi-nales in-di-can que la ve-loci-dad de
 []


Underfull \hbox (badness 10000) in paragraph at lines 152--155

 []

Package babel Info: Redefining spanish shorthand <<
(babel)             in language  on input line 158.
Package babel Info: Redefining spanish shorthand >>
(babel)             in language  on input line 158.
Package babel Info: Redefining spanish shorthand "=
(babel)             in language  on input line 158.
Package babel Info: Redefining spanish shorthand "~
(babel)             in language  on input line 158.
Package babel Info: Redefining spanish shorthand "!
(babel)             in language  on input line 158.
Package babel Info: Redefining spanish shorthand "?
(babel)             in language  on input line 158.

Underfull \hbox (badness 1635) in paragraph at lines 159--163
\OT1/ptm/m/n/10 Luego in-tente re-solver-los me-di-ante el m[]eto-do di-rec-to
 []


Underfull \hbox (badness 10000) in paragraph at lines 159--163

 []


Underfull \hbox (badness 10000) in paragraph at lines 165--174

 []


Underfull \hbox (badness 10000) in paragraph at lines 175--184

 []


Underfull \hbox (badness 1881) in paragraph at lines 206--207
\OT1/ptm/m/n/10 com-para-ci[]on con el re-sul-ta-do del m[]eto-do di-rec-to de
 []


Underfull \hbox (badness 10000) in paragraph at lines 206--207

 []


Underfull \hbox (badness 10000) in paragraph at lines 217--218

 []


Underfull \hbox (badness 10000) in paragraph at lines 219--220

 []

(informe.bbl
Package babel Info: Redefining spanish shorthand <<
(babel)             in language  on input line 1.
Package babel Info: Redefining spanish shorthand >>
(babel)             in language  on input line 1.
Package babel Info: Redefining spanish shorthand "=
(babel)             in language  on input line 1.
Package babel Info: Redefining spanish shorthand "~
(babel)             in language  on input line 1.
Package babel Info: Redefining spanish shorthand "!
(babel)             in language  on input line 1.
Package babel Info: Redefining spanish shorthand "?
(babel)             in language  on input line 1.
)
LaTeX Info: Redefining \. on input line 243.
LaTeX Info: Redefining \% on input line 243.
Package babel Info: Redefining spanish shorthand <<
(babel)             in language  on input line 243.
Package babel Info: Redefining spanish shorthand >>
(babel)             in language  on input line 243.
Package babel Info: Redefining spanish shorthand "=
(babel)             in language  on input line 243.
Package babel Info: Redefining spanish shorthand "~
(babel)             in language  on input line 243.
Package babel Info: Redefining spanish shorthand "!
(babel)             in language  on input line 243.
Package babel Info: Redefining spanish shorthand "?
(babel)             in language  on input line 243.
Package babel Info: Redefining spanish shorthand <<
(babel)             in language  on input line 243.
Package babel Info: Redefining spanish shorthand >>
(babel)             in language  on input line 243.
Package babel Info: Redefining spanish shorthand "=
(babel)             in language  on input line 243.
Package babel Info: Redefining spanish shorthand "~
(babel)             in language  on input line 243.
Package babel Info: Redefining spanish shorthand "!
(babel)             in language  on input line 243.
Package babel Info: Redefining spanish shorthand "?
(babel)             in language  on input line 243.
 [3]pdfTeX warning (ext4): destination with the same identifier (name{section.1
}) has been already used, duplicate ignored
<to be read again> 
                   \relax 
l.248 \section{Apéndice}
                        
Package babel Info: Redefining spanish shorthand <<
(babel)             in language  on input line 248.
Package babel Info: Redefining spanish shorthand >>
(babel)             in language  on input line 248.
Package babel Info: Redefining spanish shorthand "=
(babel)             in language  on input line 248.
Package babel Info: Redefining spanish shorthand "~
(babel)             in language  on input line 248.
Package babel Info: Redefining spanish shorthand "!
(babel)             in language  on input line 248.
Package babel Info: Redefining spanish shorthand "?
(babel)             in language  on input line 248.

(/home/edgardo/.miktex/texmfs/install/tex/latex/listings/lstlang1.sty
File: lstlang1.sty 2015/06/04 1.6 listings language file
)
LaTeX Font Info:    Try loading font information for OT1+pcr on input line 273.


(/home/edgardo/.miktex/texmfs/install/tex/latex/psnfss/ot1pcr.fd
File: ot1pcr.fd 2001/06/04 font definitions for OT1/pcr.
)
Overfull \hbox (10.0pt too wide) detected at line 301
[][] 
 []


Overfull \hbox (10.0pt too wide) detected at line 338
[][] 
 []


Overfull \hbox (10.0pt too wide) detected at line 376
[][] 
 []


Overfull \hbox (10.0pt too wide) detected at line 415
[][] 
 []


Overfull \hbox (10.0pt too wide) detected at line 451
[][] 
 []


Overfull \hbox (10.0pt too wide) detected at line 492
[][] 
 []


Overfull \hbox (10.0pt too wide) detected at line 512
[][] 
 []


Overfull \hbox (10.0pt too wide) detected at line 545
[][] 
 []


Overfull \hbox (10.0pt too wide) detected at line 583
[][] 
 []


Overfull \hbox (10.0pt too wide) detected at line 607
[][] 
 []



Package atveryend Info: Empty hook `BeforeClearDocument' on input line 609.
LaTeX Info: Redefining \. on input line 609.
LaTeX Info: Redefining \% on input line 609.
Package babel Info: Redefining spanish shorthand <<
(babel)             in language  on input line 609.
Package babel Info: Redefining spanish shorthand >>
(babel)             in language  on input line 609.
Package babel Info: Redefining spanish shorthand "=
(babel)             in language  on input line 609.
Package babel Info: Redefining spanish shorthand "~
(babel)             in language  on input line 609.
Package babel Info: Redefining spanish shorthand "!
(babel)             in language  on input line 609.
Package babel Info: Redefining spanish shorthand "?
(babel)             in language  on input line 609.
Package babel Info: Redefining spanish shorthand <<
(babel)             in language  on input line 609.
Package babel Info: Redefining spanish shorthand >>
(babel)             in language  on input line 609.
Package babel Info: Redefining spanish shorthand "=
(babel)             in language  on input line 609.
Package babel Info: Redefining spanish shorthand "~
(babel)             in language  on input line 609.
Package babel Info: Redefining spanish shorthand "!
(babel)             in language  on input line 609.
Package babel Info: Redefining spanish shorthand "?
(babel)             in language  on input line 609.
[4

]
LaTeX Info: Redefining \. on input line 609.
LaTeX Info: Redefining \% on input line 609.
Package babel Info: Redefining spanish shorthand <<
(babel)             in language  on input line 609.
Package babel Info: Redefining spanish shorthand >>
(babel)             in language  on input line 609.
Package babel Info: Redefining spanish shorthand "=
(babel)             in language  on input line 609.
Package babel Info: Redefining spanish shorthand "~
(babel)             in language  on input line 609.
Package babel Info: Redefining spanish shorthand "!
(babel)             in language  on input line 609.
Package babel Info: Redefining spanish shorthand "?
(babel)             in language  on input line 609.
Package babel Info: Redefining spanish shorthand <<
(babel)             in language  on input line 609.
Package babel Info: Redefining spanish shorthand >>
(babel)             in language  on input line 609.
Package babel Info: Redefining spanish shorthand "=
(babel)             in language  on input line 609.
Package babel Info: Redefining spanish shorthand "~
(babel)             in language  on input line 609.
Package babel Info: Redefining spanish shorthand "!
(babel)             in language  on input line 609.
Package babel Info: Redefining spanish shorthand "?
(babel)             in language  on input line 609.
 [5]
LaTeX Info: Redefining \. on input line 609.
LaTeX Info: Redefining \% on input line 609.
Package babel Info: Redefining spanish shorthand <<
(babel)             in language  on input line 609.
Package babel Info: Redefining spanish shorthand >>
(babel)             in language  on input line 609.
Package babel Info: Redefining spanish shorthand "=
(babel)             in language  on input line 609.
Package babel Info: Redefining spanish shorthand "~
(babel)             in language  on input line 609.
Package babel Info: Redefining spanish shorthand "!
(babel)             in language  on input line 609.
Package babel Info: Redefining spanish shorthand "?
(babel)             in language  on input line 609.
Package babel Info: Redefining spanish shorthand <<
(babel)             in language  on input line 609.
Package babel Info: Redefining spanish shorthand >>
(babel)             in language  on input line 609.
Package babel Info: Redefining spanish shorthand "=
(babel)             in language  on input line 609.
Package babel Info: Redefining spanish shorthand "~
(babel)             in language  on input line 609.
Package babel Info: Redefining spanish shorthand "!
(babel)             in language  on input line 609.
Package babel Info: Redefining spanish shorthand "?
(babel)             in language  on input line 609.
 [6]
LaTeX Info: Redefining \. on input line 609.
LaTeX Info: Redefining \% on input line 609.
Package babel Info: Redefining spanish shorthand <<
(babel)             in language  on input line 609.
Package babel Info: Redefining spanish shorthand >>
(babel)             in language  on input line 609.
Package babel Info: Redefining spanish shorthand "=
(babel)             in language  on input line 609.
Package babel Info: Redefining spanish shorthand "~
(babel)             in language  on input line 609.
Package babel Info: Redefining spanish shorthand "!
(babel)             in language  on input line 609.
Package babel Info: Redefining spanish shorthand "?
(babel)             in language  on input line 609.
Package babel Info: Redefining spanish shorthand <<
(babel)             in language  on input line 609.
Package babel Info: Redefining spanish shorthand >>
(babel)             in language  on input line 609.
Package babel Info: Redefining spanish shorthand "=
(babel)             in language  on input line 609.
Package babel Info: Redefining spanish shorthand "~
(babel)             in language  on input line 609.
Package babel Info: Redefining spanish shorthand "!
(babel)             in language  on input line 609.
Package babel Info: Redefining spanish shorthand "?
(babel)             in language  on input line 609.
 [7]
LaTeX Info: Redefining \. on input line 609.
LaTeX Info: Redefining \% on input line 609.
Package babel Info: Redefining spanish shorthand <<
(babel)             in language  on input line 609.
Package babel Info: Redefining spanish shorthand >>
(babel)             in language  on input line 609.
Package babel Info: Redefining spanish shorthand "=
(babel)             in language  on input line 609.
Package babel Info: Redefining spanish shorthand "~
(babel)             in language  on input line 609.
Package babel Info: Redefining spanish shorthand "!
(babel)             in language  on input line 609.
Package babel Info: Redefining spanish shorthand "?
(babel)             in language  on input line 609.
Package babel Info: Redefining spanish shorthand <<
(babel)             in language  on input line 609.
Package babel Info: Redefining spanish shorthand >>
(babel)             in language  on input line 609.
Package babel Info: Redefining spanish shorthand "=
(babel)             in language  on input line 609.
Package babel Info: Redefining spanish shorthand "~
(babel)             in language  on input line 609.
Package babel Info: Redefining spanish shorthand "!
(babel)             in language  on input line 609.
Package babel Info: Redefining spanish shorthand "?
(babel)             in language  on input line 609.
 [8]
LaTeX Info: Redefining \. on input line 609.
LaTeX Info: Redefining \% on input line 609.
Package babel Info: Redefining spanish shorthand <<
(babel)             in language  on input line 609.
Package babel Info: Redefining spanish shorthand >>
(babel)             in language  on input line 609.
Package babel Info: Redefining spanish shorthand "=
(babel)             in language  on input line 609.
Package babel Info: Redefining spanish shorthand "~
(babel)             in language  on input line 609.
Package babel Info: Redefining spanish shorthand "!
(babel)             in language  on input line 609.
Package babel Info: Redefining spanish shorthand "?
(babel)             in language  on input line 609.
Package babel Info: Redefining spanish shorthand <<
(babel)             in language  on input line 609.
Package babel Info: Redefining spanish shorthand >>
(babel)             in language  on input line 609.
Package babel Info: Redefining spanish shorthand "=
(babel)             in language  on input line 609.
Package babel Info: Redefining spanish shorthand "~
(babel)             in language  on input line 609.
Package babel Info: Redefining spanish shorthand "!
(babel)             in language  on input line 609.
Package babel Info: Redefining spanish shorthand "?
(babel)             in language  on input line 609.
 [9]
Package atveryend Info: Empty hook `AfterLastShipout' on input line 609.
 (informe.aux
LaTeX Info: Redefining \. on input line 29.
LaTeX Info: Redefining \% on input line 29.
)
Package atveryend Info: Executing hook `AtVeryEndDocument' on input line 609.
Package atveryend Info: Executing hook `AtEndAfterFileList' on input line 609.


Package rerunfilecheck Warning: File `informe.out' has changed.
(rerunfilecheck)                Rerun to get outlines right
(rerunfilecheck)                or use package `bookmark'.

Package rerunfilecheck Info: Checksums for `informe.out':
(rerunfilecheck)             Before: 0EF6E4E65E0FF8EBAEFE2E5B1A0D3F21;189
(rerunfilecheck)             After:  A5F98C36C17A0CA3E393C82A279B99B2;185.
Package atveryend Info: Empty hook `AtVeryVeryEnd' on input line 609.
 )
(\end occurred when \ifx on line 133 was incomplete)
(\end occurred when \ifx on line 127 was incomplete)
(\end occurred when \ifx on line 121 was incomplete)
(\end occurred when \ifx on line 115 was incomplete)
(\end occurred when \ifx on line 109 was incomplete)
(\end occurred when \ifx on line 103 was incomplete)
(\end occurred when \ifx on line 42 was incomplete) 
Here is how much of TeX's memory you used:
 12923 strings out of 495217
 186682 string characters out of 3181289
 665263 words of memory out of 3000000
 15756 multiletter control sequences out of 15000+200000
 39093 words of font info for 77 fonts, out of 3000000 for 9000
 14 hyphenation exceptions out of 8191
 41i,10n,40p,687b,2561s stack positions out of 5000i,500n,10000p,200000b,50000s
{/home/edgardo/.miktex/texmf
s/install/fonts/enc/dvips/base/8r.enc}</home/edgardo/.miktex/texmfs/install/fon
ts/type1/public/amsfonts/cm/cmex10.pfb></home/edgardo/.miktex/texmfs/install/fo
nts/type1/public/amsfonts/cm/cmmi10.pfb></home/edgardo/.miktex/texmfs/install/f
onts/type1/public/amsfonts/cm/cmmi7.pfb></home/edgardo/.miktex/texmfs/install/f
onts/type1/public/amsfonts/cm/cmr10.pfb></home/edgardo/.miktex/texmfs/install/f
onts/type1/public/amsfonts/cm/cmr7.pfb></home/edgardo/.miktex/texmfs/install/fo
nts/type1/public/amsfonts/cm/cmsy10.pfb></home/edgardo/.miktex/texmfs/install/f
onts/type1/public/amsfonts/cm/cmsy7.pfb></home/edgardo/.miktex/texmfs/install/f
onts/type1/urw/courier/ucrr8a.pfb></home/edgardo/.miktex/texmfs/install/fonts/t
ype1/urw/times/utmb8a.pfb></home/edgardo/.miktex/texmfs/install/fonts/type1/urw
/times/utmr8a.pfb></home/edgardo/.miktex/texmfs/install/fonts/type1/urw/times/u
tmri8a.pfb>
Output written on informe.pdf (9 pages, 266528 bytes).
PDF statistics:
 503 PDF objects out of 1000 (max. 8388607)
 316 named destinations out of 1000 (max. 500000)
 68 words of extra memory for PDF output out of 10000 (max. 10000000)

