This is pdfTeX, Version 3.14159265-2.6-1.40.16 (MiKTeX 2.9 64-bit) (preloaded format=pdflatex 2015.8.30)  20 SEP 2016 16:26
entering extended mode
**informe.tex
(informe.tex
LaTeX2e <2015/01/01> patch level 2
Babel <3.9m> and hyphenation patterns for 69 languages loaded.
(informe.cls
Document Class: informe 
\@IEEEtrantmpdimenA=\dimen102
\@IEEEtrantmpdimenB=\dimen103
\@IEEEtrantmpcountA=\count79
\@IEEEtrantmpcountB=\count80
\@IEEEtrantmptoksA=\toks14
LaTeX Font Info:    Try loading font information for OT1+ptm on input line 695.

("C:\Program Files\MiKTeX 2.9\tex\latex\psnfss\ot1ptm.fd"
File: ot1ptm.fd 2001/06/04 font definitions for OT1/ptm.
)
-- This is a 10 point document.
\normalsizebaselineskip=\skip41
\normaljot=\skip42
LaTeX Font Info:    Font shape `OT1/ptm/bx/n' in size <5> not available
(Font)              Font shape `OT1/ptm/b/n' tried instead on input line 993.
LaTeX Font Info:    Font shape `OT1/ptm/bx/it' in size <5> not available
(Font)              Font shape `OT1/ptm/b/it' tried instead on input line 993.
LaTeX Font Info:    Font shape `OT1/ptm/bx/n' in size <7> not available
(Font)              Font shape `OT1/ptm/b/n' tried instead on input line 993.
LaTeX Font Info:    Font shape `OT1/ptm/bx/it' in size <7> not available
(Font)              Font shape `OT1/ptm/b/it' tried instead on input line 993.
LaTeX Font Info:    Font shape `OT1/ptm/bx/n' in size <8> not available
(Font)              Font shape `OT1/ptm/b/n' tried instead on input line 993.
LaTeX Font Info:    Font shape `OT1/ptm/bx/it' in size <8> not available
(Font)              Font shape `OT1/ptm/b/it' tried instead on input line 993.
LaTeX Font Info:    Font shape `OT1/ptm/bx/n' in size <9> not available
(Font)              Font shape `OT1/ptm/b/n' tried instead on input line 993.
LaTeX Font Info:    Font shape `OT1/ptm/bx/it' in size <9> not available
(Font)              Font shape `OT1/ptm/b/it' tried instead on input line 993.
LaTeX Font Info:    Font shape `OT1/ptm/bx/n' in size <10> not available
(Font)              Font shape `OT1/ptm/b/n' tried instead on input line 993.
LaTeX Font Info:    Font shape `OT1/ptm/bx/it' in size <10> not available
(Font)              Font shape `OT1/ptm/b/it' tried instead on input line 993.
LaTeX Font Info:    Font shape `OT1/ptm/bx/n' in size <11> not available
(Font)              Font shape `OT1/ptm/b/n' tried instead on input line 993.
LaTeX Font Info:    Font shape `OT1/ptm/bx/it' in size <11> not available
(Font)              Font shape `OT1/ptm/b/it' tried instead on input line 993.
LaTeX Font Info:    Font shape `OT1/ptm/bx/n' in size <12> not available
(Font)              Font shape `OT1/ptm/b/n' tried instead on input line 993.
LaTeX Font Info:    Font shape `OT1/ptm/bx/it' in size <12> not available
(Font)              Font shape `OT1/ptm/b/it' tried instead on input line 993.
LaTeX Font Info:    Font shape `OT1/ptm/bx/n' in size <17> not available
(Font)              Font shape `OT1/ptm/b/n' tried instead on input line 993.
LaTeX Font Info:    Font shape `OT1/ptm/bx/it' in size <17> not available
(Font)              Font shape `OT1/ptm/b/it' tried instead on input line 993.
LaTeX Font Info:    Font shape `OT1/ptm/bx/n' in size <20> not available
(Font)              Font shape `OT1/ptm/b/n' tried instead on input line 993.
LaTeX Font Info:    Font shape `OT1/ptm/bx/it' in size <20> not available
(Font)              Font shape `OT1/ptm/b/it' tried instead on input line 993.
LaTeX Font Info:    Font shape `OT1/ptm/bx/n' in size <24> not available
(Font)              Font shape `OT1/ptm/b/n' tried instead on input line 993.
LaTeX Font Info:    Font shape `OT1/ptm/bx/it' in size <24> not available
(Font)              Font shape `OT1/ptm/b/it' tried instead on input line 993.
\IEEEilabelindentA=\dimen104
\IEEEilabelindentB=\dimen105
\IEEEilabelindent=\dimen106
\IEEEelabelindent=\dimen107
\IEEEdlabelindent=\dimen108
\labelindent=\dimen109
\IEEEiednormlabelsep=\dimen110
\IEEEiedmathlabelsep=\dimen111
\IEEEiedtopsep=\skip43
\c@section=\count81
\c@subsection=\count82
\c@subsubsection=\count83
\c@paragraph=\count84
\c@IEEEsubequation=\count85
\abovecaptionskip=\skip44
\belowcaptionskip=\skip45
\c@figure=\count86
\c@table=\count87
\@IEEEeqnnumcols=\count88
\@IEEEeqncolcnt=\count89
\@IEEEtmpitemindent=\dimen112
\c@biography=\count90
\@IEEEtranrubishbin=\box26
) ("C:\Program Files\MiKTeX 2.9\tex\latex\base\inputenc.sty"
Package: inputenc 2015/03/17 v1.2c Input encoding file
\inpenc@prehook=\toks15
\inpenc@posthook=\toks16

("C:\Program Files\MiKTeX 2.9\tex\latex\base\latin1.def"
File: latin1.def 2015/03/17 v1.2c Input encoding file
))
("C:\Program Files\MiKTeX 2.9\tex\generic\babel\babel.sty"
Package: babel 2015/08/03 3.9m The Babel package

*************************************
* Local config file bblopts.cfg used
*
("C:\Program Files\MiKTeX 2.9\tex\latex\00miktex\bblopts.cfg"
File: bblopts.cfg 2006/07/31 v1.0 MiKTeX 'babel' configuration
)
(C:\Users\Edgardo\AppData\Roaming\MiKTeX\2.9\tex\latex\babel-spanish\spanish.ld
f
Language: spanish.ldf 2014/04/24 v5.0n Spanish support from the babel system
 ("C:\Program Files\MiKTeX 2.9\tex\generic\babel\babel.def"
File: babel.def 2015/08/03 3.9m Babel common definitions
\babel@savecnt=\count91
\U@D=\dimen113
)
\es@quottoks=\toks17
\es@quotdepth=\count92
Package babel Info: Making " an active character on input line 516.
Package babel Info: Making . an active character on input line 617.
Package babel Info: Making < an active character on input line 662.
Package babel Info: Making > an active character on input line 662.
))
("C:\Program Files\MiKTeX 2.9\tex\latex\graphics\graphicx.sty"
Package: graphicx 2014/10/28 v1.0g Enhanced LaTeX Graphics (DPC,SPQR)

("C:\Program Files\MiKTeX 2.9\tex\latex\graphics\keyval.sty"
Package: keyval 2014/10/28 v1.15 key=value parser (DPC)
\KV@toks@=\toks18
)
("C:\Program Files\MiKTeX 2.9\tex\latex\graphics\graphics.sty"
Package: graphics 2014/10/28 v1.0p Standard LaTeX Graphics (DPC,SPQR)

("C:\Program Files\MiKTeX 2.9\tex\latex\graphics\trig.sty"
Package: trig 1999/03/16 v1.09 sin cos tan (DPC)
)
("C:\Program Files\MiKTeX 2.9\tex\latex\00miktex\graphics.cfg"
File: graphics.cfg 2007/01/18 v1.5 graphics configuration of teTeX/TeXLive
)
Package graphics Info: Driver file: pdftex.def on input line 94.

("C:\Program Files\MiKTeX 2.9\tex\latex\pdftex-def\pdftex.def"
File: pdftex.def 2011/05/27 v0.06d Graphics/color for pdfTeX

("C:\Program Files\MiKTeX 2.9\tex\generic\oberdiek\infwarerr.sty"
Package: infwarerr 2010/04/08 v1.3 Providing info/warning/error messages (HO)
)
("C:\Program Files\MiKTeX 2.9\tex\generic\oberdiek\ltxcmds.sty"
Package: ltxcmds 2011/11/09 v1.22 LaTeX kernel commands for general use (HO)
)
\Gread@gobject=\count93
))
\Gin@req@height=\dimen114
\Gin@req@width=\dimen115
)
("C:\Program Files\MiKTeX 2.9\tex\latex\mathtools\mathtools.sty"
Package: mathtools 2015/06/17 v1.17 mathematical typesetting tools

("C:\Program Files\MiKTeX 2.9\tex\latex\tools\calc.sty"
Package: calc 2014/10/28 v4.3 Infix arithmetic (KKT,FJ)
\calc@Acount=\count94
\calc@Bcount=\count95
\calc@Adimen=\dimen116
\calc@Bdimen=\dimen117
\calc@Askip=\skip46
\calc@Bskip=\skip47
LaTeX Info: Redefining \setlength on input line 80.
LaTeX Info: Redefining \addtolength on input line 81.
\calc@Ccount=\count96
\calc@Cskip=\skip48
)
("C:\Program Files\MiKTeX 2.9\tex\latex\mathtools\mhsetup.sty"
Package: mhsetup 2010/01/21 v1.2a programming setup (MH)
)
("C:\Program Files\MiKTeX 2.9\tex\latex\amsmath\amsmath.sty"
Package: amsmath 2013/01/14 v2.14 AMS math features
\@mathmargin=\skip49

For additional information on amsmath, use the `?' option.
("C:\Program Files\MiKTeX 2.9\tex\latex\amsmath\amstext.sty"
Package: amstext 2000/06/29 v2.01

("C:\Program Files\MiKTeX 2.9\tex\latex\amsmath\amsgen.sty"
File: amsgen.sty 1999/11/30 v2.0
\@emptytoks=\toks19
\ex@=\dimen118
))
("C:\Program Files\MiKTeX 2.9\tex\latex\amsmath\amsbsy.sty"
Package: amsbsy 1999/11/29 v1.2d
\pmbraise@=\dimen119
)
("C:\Program Files\MiKTeX 2.9\tex\latex\amsmath\amsopn.sty"
Package: amsopn 1999/12/14 v2.01 operator names
)
\inf@bad=\count97
LaTeX Info: Redefining \frac on input line 210.
\uproot@=\count98
\leftroot@=\count99
LaTeX Info: Redefining \overline on input line 306.
\classnum@=\count100
\DOTSCASE@=\count101
LaTeX Info: Redefining \ldots on input line 378.
LaTeX Info: Redefining \dots on input line 381.
LaTeX Info: Redefining \cdots on input line 466.
\Mathstrutbox@=\box27
\strutbox@=\box28
\big@size=\dimen120
LaTeX Font Info:    Redeclaring font encoding OML on input line 566.
LaTeX Font Info:    Redeclaring font encoding OMS on input line 567.
\macc@depth=\count102
\c@MaxMatrixCols=\count103
\dotsspace@=\muskip10
\c@parentequation=\count104
\dspbrk@lvl=\count105
\tag@help=\toks20
\row@=\count106
\column@=\count107
\maxfields@=\count108
\andhelp@=\toks21
\eqnshift@=\dimen121
\alignsep@=\dimen122
\tagshift@=\dimen123
\tagwidth@=\dimen124
\totwidth@=\dimen125
\lineht@=\dimen126
\@envbody=\toks22
\multlinegap=\skip50
\multlinetaggap=\skip51
\mathdisplay@stack=\toks23
LaTeX Info: Redefining \[ on input line 2665.
LaTeX Info: Redefining \] on input line 2666.
)
LaTeX Info: Thecontrolsequence`\('isalreadyrobust on input line 129.
LaTeX Info: Thecontrolsequence`\)'isalreadyrobust on input line 129.
LaTeX Info: Thecontrolsequence`\['isalreadyrobust on input line 129.
LaTeX Info: Thecontrolsequence`\]'isalreadyrobust on input line 129.
\g_MT_multlinerow_int=\count109
\l_MT_multwidth_dim=\dimen127
\origjot=\skip52
\l_MT_shortvdotswithinadjustabove_dim=\dimen128
\l_MT_shortvdotswithinadjustbelow_dim=\dimen129
\l_MT_above_intertext_sep=\dimen130
\l_MT_below_intertext_sep=\dimen131
\l_MT_above_shortintertext_sep=\dimen132
\l_MT_below_shortintertext_sep=\dimen133
)
("C:\Program Files\MiKTeX 2.9\tex\latex\hyperref\hyperref.sty"
Package: hyperref 2012/11/06 v6.83m Hypertext links for LaTeX

("C:\Program Files\MiKTeX 2.9\tex\generic\oberdiek\hobsub-hyperref.sty"
Package: hobsub-hyperref 2012/04/25 v1.12 Bundle oberdiek, subset hyperref (HO)


("C:\Program Files\MiKTeX 2.9\tex\generic\oberdiek\hobsub-generic.sty"
Package: hobsub-generic 2012/04/25 v1.12 Bundle oberdiek, subset generic (HO)
Package: hobsub 2012/04/25 v1.12 Construct package bundles (HO)
Package hobsub Info: Skipping package `infwarerr' (already loaded).
Package hobsub Info: Skipping package `ltxcmds' (already loaded).
Package: ifluatex 2010/03/01 v1.3 Provides the ifluatex switch (HO)
Package ifluatex Info: LuaTeX not detected.
Package: ifvtex 2010/03/01 v1.5 Detect VTeX and its facilities (HO)
Package ifvtex Info: VTeX not detected.
Package: intcalc 2007/09/27 v1.1 Expandable calculations with integers (HO)
Package: ifpdf 2011/01/30 v2.3 Provides the ifpdf switch (HO)
Package ifpdf Info: pdfTeX in PDF mode is detected.
Package: etexcmds 2011/02/16 v1.5 Avoid name clashes with e-TeX commands (HO)
Package etexcmds Info: Could not find \expanded.
(etexcmds)             That can mean that you are not using pdfTeX 1.50 or
(etexcmds)             that some package has redefined \expanded.
(etexcmds)             In the latter case, load this package earlier.
Package: kvsetkeys 2012/04/25 v1.16 Key value parser (HO)
Package: kvdefinekeys 2011/04/07 v1.3 Define keys (HO)
Package: pdftexcmds 2011/11/29 v0.20 Utility functions of pdfTeX for LuaTeX (HO
)
Package pdftexcmds Info: LuaTeX not detected.
Package pdftexcmds Info: \pdf@primitive is available.
Package pdftexcmds Info: \pdf@ifprimitive is available.
Package pdftexcmds Info: \pdfdraftmode found.
Package: pdfescape 2011/11/25 v1.13 Implements pdfTeX's escape features (HO)
Package: bigintcalc 2012/04/08 v1.3 Expandable calculations on big integers (HO
)
Package: bitset 2011/01/30 v1.1 Handle bit-vector datatype (HO)
Package: uniquecounter 2011/01/30 v1.2 Provide unlimited unique counter (HO)
)
Package hobsub Info: Skipping package `hobsub' (already loaded).
Package: letltxmacro 2010/09/02 v1.4 Let assignment for LaTeX macros (HO)
Package: hopatch 2011/06/24 v1.1 Wrapper for package hooks (HO)
Package: xcolor-patch 2011/01/30 xcolor patch
Package: atveryend 2011/06/30 v1.8 Hooks at the very end of document (HO)
Package atveryend Info: \enddocument detected (standard20110627).
Package: atbegshi 2011/10/05 v1.16 At begin shipout hook (HO)
Package: refcount 2011/10/16 v3.4 Data extraction from label references (HO)
Package: hycolor 2011/01/30 v1.7 Color options for hyperref/bookmark (HO)
)
("C:\Program Files\MiKTeX 2.9\tex\generic\ifxetex\ifxetex.sty"
Package: ifxetex 2010/09/12 v0.6 Provides ifxetex conditional
)
("C:\Program Files\MiKTeX 2.9\tex\latex\oberdiek\auxhook.sty"
Package: auxhook 2011/03/04 v1.3 Hooks for auxiliary files (HO)
)
("C:\Program Files\MiKTeX 2.9\tex\latex\oberdiek\kvoptions.sty"
Package: kvoptions 2011/06/30 v3.11 Key value format for package options (HO)
)
\@linkdim=\dimen134
\Hy@linkcounter=\count110
\Hy@pagecounter=\count111

("C:\Program Files\MiKTeX 2.9\tex\latex\hyperref\pd1enc.def"
File: pd1enc.def 2012/11/06 v6.83m Hyperref: PDFDocEncoding definition (HO)
)
\Hy@SavedSpaceFactor=\count112

("C:\Program Files\MiKTeX 2.9\tex\latex\00miktex\hyperref.cfg"
File: hyperref.cfg 2002/06/06 v1.2 hyperref configuration of TeXLive
)
Package hyperref Info: Option `final' set `true' on input line 4319.
Package hyperref Info: Hyper figures OFF on input line 4443.
Package hyperref Info: Link nesting OFF on input line 4448.
Package hyperref Info: Hyper index ON on input line 4451.
Package hyperref Info: Plain pages OFF on input line 4458.
Package hyperref Info: Backreferencing OFF on input line 4463.
Package hyperref Info: Implicit mode ON; LaTeX internals redefined.
Package hyperref Info: Bookmarks ON on input line 4688.
\c@Hy@tempcnt=\count113

(C:\Users\Edgardo\AppData\Roaming\MiKTeX\2.9\tex\latex\url\url.sty
\Urlmuskip=\muskip11
Package: url 2013/09/16  ver 3.4  Verb mode for urls, etc.
)
LaTeX Info: Redefining \url on input line 5041.
\XeTeXLinkMargin=\dimen135
\Fld@menulength=\count114
\Field@Width=\dimen136
\Fld@charsize=\dimen137
Package hyperref Info: Hyper figures OFF on input line 6295.
Package hyperref Info: Link nesting OFF on input line 6300.
Package hyperref Info: Hyper index ON on input line 6303.
Package hyperref Info: backreferencing OFF on input line 6310.
Package hyperref Info: Link coloring OFF on input line 6315.
Package hyperref Info: Link coloring with OCG OFF on input line 6320.
Package hyperref Info: PDF/A mode OFF on input line 6325.
LaTeX Info: Redefining \ref on input line 6365.
LaTeX Info: Redefining \pageref on input line 6369.
\Hy@abspage=\count115
\c@Item=\count116
\c@Hfootnote=\count117
)

Package hyperref Message: Driver (autodetected): hpdftex.

("C:\Program Files\MiKTeX 2.9\tex\latex\hyperref\hpdftex.def"
File: hpdftex.def 2012/11/06 v6.83m Hyperref driver for pdfTeX
\Fld@listcount=\count118
\c@bookmark@seq@number=\count119

("C:\Program Files\MiKTeX 2.9\tex\latex\oberdiek\rerunfilecheck.sty"
Package: rerunfilecheck 2011/04/15 v1.7 Rerun checks for auxiliary files (HO)
Package uniquecounter Info: New unique counter `rerunfilecheck' on input line 2
82.
)
\Hy@SectionHShift=\skip53
)
(C:\Users\Edgardo\AppData\Roaming\MiKTeX\2.9\tex\latex\listings\listings.sty
\lst@mode=\count120
\lst@gtempboxa=\box29
\lst@token=\toks24
\lst@length=\count121
\lst@currlwidth=\dimen138
\lst@column=\count122
\lst@pos=\count123
\lst@lostspace=\dimen139
\lst@width=\dimen140
\lst@newlines=\count124
\lst@lineno=\count125
\lst@maxwidth=\dimen141

(C:\Users\Edgardo\AppData\Roaming\MiKTeX\2.9\tex\latex\listings\lstmisc.sty
File: lstmisc.sty 2015/06/04 1.6 (Carsten Heinz)
\c@lstnumber=\count126
\lst@skipnumbers=\count127
\lst@framebox=\box30
)
(C:\Users\Edgardo\AppData\Roaming\MiKTeX\2.9\tex\latex\listings\listings.cfg
File: listings.cfg 2015/06/04 1.6 listings configuration
))
Package: listings 2015/06/04 1.6 (Carsten Heinz)

("C:\Program Files\MiKTeX 2.9\tex\latex\graphics\color.sty"
Package: color 2014/10/28 v1.1a Standard LaTeX Color (DPC)

("C:\Program Files\MiKTeX 2.9\tex\latex\00miktex\color.cfg"
File: color.cfg 2007/01/18 v1.5 color configuration of teTeX/TeXLive
)
Package color Info: Driver file: pdftex.def on input line 142.

("C:\Program Files\MiKTeX 2.9\tex\latex\graphics\dvipsnam.def"
File: dvipsnam.def 2014/10/14 v3.0j Driver-dependent file (DPC,SPQR)
))
(C:\Users\Edgardo\AppData\Roaming\MiKTeX\2.9\tex\latex\xcolor\xcolor.sty
Package: xcolor 2007/01/21 v2.11 LaTeX color extensions (UK)

("C:\Program Files\MiKTeX 2.9\tex\latex\00miktex\color.cfg"
File: color.cfg 2007/01/18 v1.5 color configuration of teTeX/TeXLive
)
Package xcolor Info: Driver file: pdftex.def on input line 225.

(C:\Users\Edgardo\AppData\Roaming\MiKTeX\2.9\tex\latex\colortbl\colortbl.sty
Package: colortbl 2012/02/13 v1.0a Color table columns (DPC)

("C:\Program Files\MiKTeX 2.9\tex\latex\tools\array.sty"
Package: array 2014/10/28 v2.4c Tabular extension package (FMi)
\col@sep=\dimen142
\extrarowheight=\dimen143
\NC@list=\toks25
\extratabsurround=\skip54
\backup@length=\skip55
)
\everycr=\toks26
\minrowclearance=\skip56
)
LaTeX Info: Redefining \color on input line 702.
\rownum=\count128
Package xcolor Info: Model `cmy' substituted by `cmy0' on input line 1337.
Package xcolor Info: Model `hsb' substituted by `rgb' on input line 1341.
Package xcolor Info: Model `RGB' extended on input line 1353.
Package xcolor Info: Model `HTML' substituted by `rgb' on input line 1355.
Package xcolor Info: Model `Hsb' substituted by `hsb' on input line 1356.
Package xcolor Info: Model `tHsb' substituted by `hsb' on input line 1357.
Package xcolor Info: Model `HSB' substituted by `hsb' on input line 1358.
Package xcolor Info: Model `Gray' substituted by `gray' on input line 1359.
Package xcolor Info: Model `wave' substituted by `hsb' on input line 1360.
)
(C:\Users\Edgardo\AppData\Roaming\MiKTeX\2.9\tex\latex\setspace\setspace.sty
Package: setspace 2011/12/19 v6.7a set line spacing
)
(C:\Users\Edgardo\AppData\Roaming\MiKTeX\2.9\tex\latex\algorithm2e\algorithm2e.
sty
Package: algorithm2e 2013/01/06 v5.00 algorithms environments
\c@AlgoLine=\count129
 ("C:\Program Files\MiKTeX 2.9\tex\latex\base\ifthen.sty"
Package: ifthen 2014/09/29 v1.1c Standard LaTeX ifthen package (DPC)
)
("C:\Program Files\MiKTeX 2.9\tex\latex\tools\xspace.sty"
Package: xspace 2014/10/28 v1.13 Space after command names (DPC,MH)
)
("C:\Program Files\MiKTeX 2.9\tex\latex\ltxmisc\relsize.sty"
Package: relsize 2003/07/04 ver 3.1


Package relsize Warning: Failed to get list of font sizes.
(relsize)                Falling back to old definition. on input line 81.

)
********************************************************
Package `algorithm2e' Release 5.0 -- january 06 2013 --
- algorithm2e-announce@lirmm.fr mailing list for announcement about releases
- algorithm2e-discussion@lirmm.fr mailing list for discussion about package
subscribe by emailing sympa@lirmm.fr with 'subscribe <list> <firstname name>'
- Author: Christophe Fiorio (cfiorio@um2.fr)
********************************************************
\skiptotal=\skip57
\skiplinenumber=\skip58
\skiprule=\skip59
\skiphlne=\skip60
\skiptext=\skip61
\skiplength=\skip62
\algomargin=\skip63
\skipalgocfslide=\skip64
\algowidth=\dimen144
\inoutsize=\dimen145
\inoutindent=\dimen146
\interspacetitleruled=\dimen147
\interspacealgoruled=\dimen148
\interspacetitleboxruled=\dimen149
\algocf@inoutbox=\box31
\algocf@inputbox=\box32
\AlCapSkip=\skip65
\AlCapHSkip=\skip66
\algoskipindent=\skip67
\algocf@nlbox=\box33
\algocf@hangingbox=\box34
\algocf@untilbox=\box35
\algocf@skipuntil=\skip68
\algocf@capbox=\box36
\algoheightruledefault=\skip69
\algoheightrule=\skip70
\algotitleheightruledefault=\skip71
\algotitleheightrule=\skip72
\c@algocfline=\count130
\c@algocfproc=\count131
\c@algocf=\count132
\algocf@algoframe=\box37
\algocf@algobox=\box38
) (informe.aux
LaTeX Info: Redefining \. on input line 23.
LaTeX Info: Redefining \% on input line 23.
)
LaTeX Font Info:    Checking defaults for OML/cmm/m/it on input line 17.
LaTeX Font Info:    ... okay on input line 17.
LaTeX Font Info:    Checking defaults for T1/cmr/m/n on input line 17.
LaTeX Font Info:    ... okay on input line 17.
LaTeX Font Info:    Checking defaults for OT1/cmr/m/n on input line 17.
LaTeX Font Info:    ... okay on input line 17.
LaTeX Font Info:    Checking defaults for OMS/cmsy/m/n on input line 17.
LaTeX Font Info:    ... okay on input line 17.
LaTeX Font Info:    Checking defaults for OMX/cmex/m/n on input line 17.
LaTeX Font Info:    ... okay on input line 17.
LaTeX Font Info:    Checking defaults for U/cmr/m/n on input line 17.
LaTeX Font Info:    ... okay on input line 17.
LaTeX Font Info:    Checking defaults for PD1/pdf/m/n on input line 17.
LaTeX Font Info:    ... okay on input line 17.
LaTeX Info: Redefining \. on input line 17.
LaTeX Info: Redefining \% on input line 17.

(C:\Users\Edgardo\AppData\Roaming\MiKTeX\2.9\tex\context\base\supp-pdf.mkii
[Loading MPS to PDF converter (version 2006.09.02).]
\scratchcounter=\count133
\scratchdimen=\dimen150
\scratchbox=\box39
\nofMPsegments=\count134
\nofMParguments=\count135
\everyMPshowfont=\toks27
\MPscratchCnt=\count136
\MPscratchDim=\dimen151
\MPnumerator=\count137
\makeMPintoPDFobject=\count138
\everyMPtoPDFconversion=\toks28
)
\AtBeginShipoutBox=\box40
Package hyperref Info: Link coloring OFF on input line 17.
 ("C:\Program Files\MiKTeX 2.9\tex\latex\hyperref\nameref.sty"
Package: nameref 2012/10/27 v2.43 Cross-referencing by name of section

("C:\Program Files\MiKTeX 2.9\tex\generic\oberdiek\gettitlestring.sty"
Package: gettitlestring 2010/12/03 v1.4 Cleanup title references (HO)
)
\c@section@level=\count139
)
LaTeX Info: Redefining \ref on input line 17.
LaTeX Info: Redefining \pageref on input line 17.
LaTeX Info: Redefining \nameref on input line 17.

(informe.out) (informe.out)
\@outlinefile=\write3
\c@lstlisting=\count140
Package babel Info: Redefining spanish shorthand <<
(babel)             in language  on input line 30.
Package babel Info: Redefining spanish shorthand >>
(babel)             in language  on input line 30.
Package babel Info: Redefining spanish shorthand "=
(babel)             in language  on input line 30.
Package babel Info: Redefining spanish shorthand "~
(babel)             in language  on input line 30.
Package babel Info: Redefining spanish shorthand "!
(babel)             in language  on input line 30.
Package babel Info: Redefining spanish shorthand "?
(babel)             in language  on input line 30.

Underfull \hbox (badness 10000) in paragraph at lines 38--39

 []


Underfull \hbox (badness 10000) in paragraph at lines 52--53

 []

Package babel Info: Redefining spanish shorthand <<
(babel)             in language  on input line 66.
Package babel Info: Redefining spanish shorthand >>
(babel)             in language  on input line 66.
Package babel Info: Redefining spanish shorthand "=
(babel)             in language  on input line 66.
Package babel Info: Redefining spanish shorthand "~
(babel)             in language  on input line 66.
Package babel Info: Redefining spanish shorthand "!
(babel)             in language  on input line 66.
Package babel Info: Redefining spanish shorthand "?
(babel)             in language  on input line 66.

Underfull \hbox (badness 10000) in paragraph at lines 67--69

 []

LaTeX Info: Redefining \. on input line 115.
LaTeX Info: Redefining \% on input line 115.
Package babel Info: Redefining spanish shorthand <<
(babel)             in language  on input line 115.
Package babel Info: Redefining spanish shorthand >>
(babel)             in language  on input line 115.
Package babel Info: Redefining spanish shorthand "=
(babel)             in language  on input line 115.
Package babel Info: Redefining spanish shorthand "~
(babel)             in language  on input line 115.
Package babel Info: Redefining spanish shorthand "!
(babel)             in language  on input line 115.
Package babel Info: Redefining spanish shorthand "?
(babel)             in language  on input line 115.
Package babel Info: Redefining spanish shorthand <<
(babel)             in language  on input line 115.
Package babel Info: Redefining spanish shorthand >>
(babel)             in language  on input line 115.
Package babel Info: Redefining spanish shorthand "=
(babel)             in language  on input line 115.
Package babel Info: Redefining spanish shorthand "~
(babel)             in language  on input line 115.
Package babel Info: Redefining spanish shorthand "!
(babel)             in language  on input line 115.
Package babel Info: Redefining spanish shorthand "?
(babel)             in language  on input line 115.
[1{C:/Users/Edgardo/AppData/Local/MiKTeX/2.9/pdftex/config/pdftex.map}


]
Underfull \hbox (badness 10000) in paragraph at lines 119--120

 []


Underfull \hbox (badness 10000) in paragraph at lines 150--153

 []


Underfull \hbox (badness 10000) in paragraph at lines 154--155

 []


Underfull \hbox (badness 10000) in paragraph at lines 157--158

 []


Underfull \hbox (badness 10000) in paragraph at lines 160--161

 []


Underfull \hbox (badness 10000) in paragraph at lines 177--178

 []


Underfull \hbox (badness 10000) in paragraph at lines 181--182

 []

LaTeX Info: Redefining \. on input line 182.
LaTeX Info: Redefining \% on input line 182.
Package babel Info: Redefining spanish shorthand <<
(babel)             in language  on input line 182.
Package babel Info: Redefining spanish shorthand >>
(babel)             in language  on input line 182.
Package babel Info: Redefining spanish shorthand "=
(babel)             in language  on input line 182.
Package babel Info: Redefining spanish shorthand "~
(babel)             in language  on input line 182.
Package babel Info: Redefining spanish shorthand "!
(babel)             in language  on input line 182.
Package babel Info: Redefining spanish shorthand "?
(babel)             in language  on input line 182.
Package babel Info: Redefining spanish shorthand <<
(babel)             in language  on input line 182.
Package babel Info: Redefining spanish shorthand >>
(babel)             in language  on input line 182.
Package babel Info: Redefining spanish shorthand "=
(babel)             in language  on input line 182.
Package babel Info: Redefining spanish shorthand "~
(babel)             in language  on input line 182.
Package babel Info: Redefining spanish shorthand "!
(babel)             in language  on input line 182.
Package babel Info: Redefining spanish shorthand "?
(babel)             in language  on input line 182.
[2]
Underfull \hbox (badness 10000) in paragraph at lines 200--201

 []


Underfull \hbox (badness 10000) in paragraph at lines 207--209

 []


Underfull \hbox (badness 10000) in paragraph at lines 211--212

 []


Underfull \hbox (badness 10000) in paragraph at lines 214--215

 []


Underfull \hbox (badness 10000) in paragraph at lines 216--217

 []


Underfull \hbox (badness 10000) in paragraph at lines 218--222

 []


Underfull \hbox (badness 10000) in paragraph at lines 223--224

 []


Underfull \hbox (badness 10000) in paragraph at lines 225--226

 []


Underfull \hbox (badness 10000) in paragraph at lines 227--228

 []


Underfull \hbox (badness 10000) in paragraph at lines 229--230

 []


Underfull \hbox (badness 10000) in paragraph at lines 232--233

 []


Underfull \hbox (badness 10000) in paragraph at lines 234--235

 []

<Matrices.png, id=70, 496.10344pt x 379.4175pt>
File: Matrices.png Graphic file (type png)
 <use Matrices.png>
Package pdftex.def Info: Matrices.png used on input line 237.
(pdftex.def)             Requested size: 248.0511pt x 189.70828pt.
Package babel Info: Redefining spanish shorthand <<
(babel)             in language  on input line 246.
Package babel Info: Redefining spanish shorthand >>
(babel)             in language  on input line 246.
Package babel Info: Redefining spanish shorthand "=
(babel)             in language  on input line 246.
Package babel Info: Redefining spanish shorthand "~
(babel)             in language  on input line 246.
Package babel Info: Redefining spanish shorthand "!
(babel)             in language  on input line 246.
Package babel Info: Redefining spanish shorthand "?
(babel)             in language  on input line 246.

Underfull \hbox (badness 10000) in paragraph at lines 249--250

 []


Underfull \hbox (badness 10000) in paragraph at lines 259--260

 []

LaTeX Info: Redefining \. on input line 269.
LaTeX Info: Redefining \% on input line 269.
Package babel Info: Redefining spanish shorthand <<
(babel)             in language  on input line 269.
Package babel Info: Redefining spanish shorthand >>
(babel)             in language  on input line 269.
Package babel Info: Redefining spanish shorthand "=
(babel)             in language  on input line 269.
Package babel Info: Redefining spanish shorthand "~
(babel)             in language  on input line 269.
Package babel Info: Redefining spanish shorthand "!
(babel)             in language  on input line 269.
Package babel Info: Redefining spanish shorthand "?
(babel)             in language  on input line 269.
Package babel Info: Redefining spanish shorthand <<
(babel)             in language  on input line 269.
Package babel Info: Redefining spanish shorthand >>
(babel)             in language  on input line 269.
Package babel Info: Redefining spanish shorthand "=
(babel)             in language  on input line 269.
Package babel Info: Redefining spanish shorthand "~
(babel)             in language  on input line 269.
Package babel Info: Redefining spanish shorthand "!
(babel)             in language  on input line 269.
Package babel Info: Redefining spanish shorthand "?
(babel)             in language  on input line 269.
[3] <7b.png, id=81, 612.2875pt x 461.725pt>
File: 7b.png Graphic file (type png)
 <use 7b.png>
Package pdftex.def Info: 7b.png used on input line 273.
(pdftex.def)             Requested size: 306.143pt x 230.86194pt.
Package babel Info: Redefining spanish shorthand <<
(babel)             in language  on input line 278.
Package babel Info: Redefining spanish shorthand >>
(babel)             in language  on input line 278.
Package babel Info: Redefining spanish shorthand "=
(babel)             in language  on input line 278.
Package babel Info: Redefining spanish shorthand "~
(babel)             in language  on input line 278.
Package babel Info: Redefining spanish shorthand "!
(babel)             in language  on input line 278.
Package babel Info: Redefining spanish shorthand "?
(babel)             in language  on input line 278.

Underfull \hbox (badness 10000) in paragraph at lines 280--281

 []


Underfull \vbox (badness 3364) has occurred while \output is active []

LaTeX Info: Redefining \. on input line 310.
LaTeX Info: Redefining \% on input line 310.
Package babel Info: Redefining spanish shorthand <<
(babel)             in language  on input line 310.
Package babel Info: Redefining spanish shorthand >>
(babel)             in language  on input line 310.
Package babel Info: Redefining spanish shorthand "=
(babel)             in language  on input line 310.
Package babel Info: Redefining spanish shorthand "~
(babel)             in language  on input line 310.
Package babel Info: Redefining spanish shorthand "!
(babel)             in language  on input line 310.
Package babel Info: Redefining spanish shorthand "?
(babel)             in language  on input line 310.
Package babel Info: Redefining spanish shorthand <<
(babel)             in language  on input line 310.
Package babel Info: Redefining spanish shorthand >>
(babel)             in language  on input line 310.
Package babel Info: Redefining spanish shorthand "=
(babel)             in language  on input line 310.
Package babel Info: Redefining spanish shorthand "~
(babel)             in language  on input line 310.
Package babel Info: Redefining spanish shorthand "!
(babel)             in language  on input line 310.
Package babel Info: Redefining spanish shorthand "?
(babel)             in language  on input line 310.
 [4 <./Matrices.png> <./7b.png (PNG copy)>] <7C.png, id=99, 436.63126pt x 334.2
4875pt>
File: 7C.png Graphic file (type png)

<use 7C.png>
Package pdftex.def Info: 7C.png used on input line 333.
(pdftex.def)             Requested size: 174.6494pt x 133.69713pt.
Package babel Info: Redefining spanish shorthand <<
(babel)             in language  on input line 339.
Package babel Info: Redefining spanish shorthand >>
(babel)             in language  on input line 339.
Package babel Info: Redefining spanish shorthand "=
(babel)             in language  on input line 339.
Package babel Info: Redefining spanish shorthand "~
(babel)             in language  on input line 339.
Package babel Info: Redefining spanish shorthand "!
(babel)             in language  on input line 339.
Package babel Info: Redefining spanish shorthand "?
(babel)             in language  on input line 339.

Underfull \hbox (badness 10000) in paragraph at lines 340--341

 []


Underfull \hbox (badness 10000) in paragraph at lines 344--357

 []


Underfull \hbox (badness 10000) in paragraph at lines 378--379

 []

LaTeX Info: Redefining \. on input line 379.
LaTeX Info: Redefining \% on input line 379.
Package babel Info: Redefining spanish shorthand <<
(babel)             in language  on input line 379.
Package babel Info: Redefining spanish shorthand >>
(babel)             in language  on input line 379.
Package babel Info: Redefining spanish shorthand "=
(babel)             in language  on input line 379.
Package babel Info: Redefining spanish shorthand "~
(babel)             in language  on input line 379.
Package babel Info: Redefining spanish shorthand "!
(babel)             in language  on input line 379.
Package babel Info: Redefining spanish shorthand "?
(babel)             in language  on input line 379.
Package babel Info: Redefining spanish shorthand <<
(babel)             in language  on input line 379.
Package babel Info: Redefining spanish shorthand >>
(babel)             in language  on input line 379.
Package babel Info: Redefining spanish shorthand "=
(babel)             in language  on input line 379.
Package babel Info: Redefining spanish shorthand "~
(babel)             in language  on input line 379.
Package babel Info: Redefining spanish shorthand "!
(babel)             in language  on input line 379.
Package babel Info: Redefining spanish shorthand "?
(babel)             in language  on input line 379.
[5 <./7C.png>]
Underfull \hbox (badness 10000) in paragraph at lines 385--386

 []


Underfull \hbox (badness 10000) in paragraph at lines 391--392

 []


Underfull \hbox (badness 10000) in paragraph at lines 393--397

 []


LaTeX Warning: Reference `alg11' on page 6 undefined on input line 398.

(informe.bbl
Package babel Info: Redefining spanish shorthand <<
(babel)             in language  on input line 1.
Package babel Info: Redefining spanish shorthand >>
(babel)             in language  on input line 1.
Package babel Info: Redefining spanish shorthand "=
(babel)             in language  on input line 1.
Package babel Info: Redefining spanish shorthand "~
(babel)             in language  on input line 1.
Package babel Info: Redefining spanish shorthand "!
(babel)             in language  on input line 1.
Package babel Info: Redefining spanish shorthand "?
(babel)             in language  on input line 1.
)
LaTeX Info: Redefining \. on input line 405.
LaTeX Info: Redefining \% on input line 405.
Package babel Info: Redefining spanish shorthand <<
(babel)             in language  on input line 405.
Package babel Info: Redefining spanish shorthand >>
(babel)             in language  on input line 405.
Package babel Info: Redefining spanish shorthand "=
(babel)             in language  on input line 405.
Package babel Info: Redefining spanish shorthand "~
(babel)             in language  on input line 405.
Package babel Info: Redefining spanish shorthand "!
(babel)             in language  on input line 405.
Package babel Info: Redefining spanish shorthand "?
(babel)             in language  on input line 405.
Package babel Info: Redefining spanish shorthand <<
(babel)             in language  on input line 405.
Package babel Info: Redefining spanish shorthand >>
(babel)             in language  on input line 405.
Package babel Info: Redefining spanish shorthand "=
(babel)             in language  on input line 405.
Package babel Info: Redefining spanish shorthand "~
(babel)             in language  on input line 405.
Package babel Info: Redefining spanish shorthand "!
(babel)             in language  on input line 405.
Package babel Info: Redefining spanish shorthand "?
(babel)             in language  on input line 405.
 [6]pdfTeX warning (ext4): destination with the same identifier (name{section.1
}) has been already used, duplicate ignored
<to be read again> 
                   \relax 
l.410 \section{Apéndice}
                        
Package babel Info: Redefining spanish shorthand <<
(babel)             in language  on input line 410.
Package babel Info: Redefining spanish shorthand >>
(babel)             in language  on input line 410.
Package babel Info: Redefining spanish shorthand "=
(babel)             in language  on input line 410.
Package babel Info: Redefining spanish shorthand "~
(babel)             in language  on input line 410.
Package babel Info: Redefining spanish shorthand "!
(babel)             in language  on input line 410.
Package babel Info: Redefining spanish shorthand "?
(babel)             in language  on input line 410.

(C:\Users\Edgardo\AppData\Roaming\MiKTeX\2.9\tex\latex\listings\lstlang1.sty
File: lstlang1.sty 2015/06/04 1.6 listings language file
)
LaTeX Font Info:    Try loading font information for OT1+pcr on input line 435.


("C:\Program Files\MiKTeX 2.9\tex\latex\psnfss\ot1pcr.fd"
File: ot1pcr.fd 2001/06/04 font definitions for OT1/pcr.
)
Overfull \hbox (10.0pt too wide) detected at line 463
[][] 
 []


Overfull \hbox (10.0pt too wide) detected at line 473
[][] 
 []


Overfull \hbox (10.0pt too wide) detected at line 483
[][] 
 []


Overfull \hbox (10.0pt too wide) detected at line 493
[][] 
 []


Overfull \hbox (10.0pt too wide) detected at line 503
[][] 
 []


Overfull \hbox (10.0pt too wide) detected at line 513
[][] 
 []


Overfull \hbox (10.0pt too wide) detected at line 523
[][] 
 []


Overfull \hbox (10.0pt too wide) detected at line 533
[][] 
 []


Overfull \hbox (10.0pt too wide) detected at line 543
[][] 
 []


Overfull \hbox (10.0pt too wide) detected at line 573
[][] 
 []



Package atveryend Info: Empty hook `BeforeClearDocument' on input line 574.
LaTeX Info: Redefining \. on input line 574.
LaTeX Info: Redefining \% on input line 574.
Package babel Info: Redefining spanish shorthand <<
(babel)             in language  on input line 574.
Package babel Info: Redefining spanish shorthand >>
(babel)             in language  on input line 574.
Package babel Info: Redefining spanish shorthand "=
(babel)             in language  on input line 574.
Package babel Info: Redefining spanish shorthand "~
(babel)             in language  on input line 574.
Package babel Info: Redefining spanish shorthand "!
(babel)             in language  on input line 574.
Package babel Info: Redefining spanish shorthand "?
(babel)             in language  on input line 574.
Package babel Info: Redefining spanish shorthand <<
(babel)             in language  on input line 574.
Package babel Info: Redefining spanish shorthand >>
(babel)             in language  on input line 574.
Package babel Info: Redefining spanish shorthand "=
(babel)             in language  on input line 574.
Package babel Info: Redefining spanish shorthand "~
(babel)             in language  on input line 574.
Package babel Info: Redefining spanish shorthand "!
(babel)             in language  on input line 574.
Package babel Info: Redefining spanish shorthand "?
(babel)             in language  on input line 574.
[7

]
LaTeX Info: Redefining \. on input line 574.
LaTeX Info: Redefining \% on input line 574.
Package babel Info: Redefining spanish shorthand <<
(babel)             in language  on input line 574.
Package babel Info: Redefining spanish shorthand >>
(babel)             in language  on input line 574.
Package babel Info: Redefining spanish shorthand "=
(babel)             in language  on input line 574.
Package babel Info: Redefining spanish shorthand "~
(babel)             in language  on input line 574.
Package babel Info: Redefining spanish shorthand "!
(babel)             in language  on input line 574.
Package babel Info: Redefining spanish shorthand "?
(babel)             in language  on input line 574.
Package babel Info: Redefining spanish shorthand <<
(babel)             in language  on input line 574.
Package babel Info: Redefining spanish shorthand >>
(babel)             in language  on input line 574.
Package babel Info: Redefining spanish shorthand "=
(babel)             in language  on input line 574.
Package babel Info: Redefining spanish shorthand "~
(babel)             in language  on input line 574.
Package babel Info: Redefining spanish shorthand "!
(babel)             in language  on input line 574.
Package babel Info: Redefining spanish shorthand "?
(babel)             in language  on input line 574.
 [8]
Package atveryend Info: Empty hook `AfterLastShipout' on input line 574.
 (informe.aux
LaTeX Info: Redefining \. on input line 23.
LaTeX Info: Redefining \% on input line 23.
)
Package atveryend Info: Executing hook `AtVeryEndDocument' on input line 574.
Package atveryend Info: Executing hook `AtEndAfterFileList' on input line 574.
Package rerunfilecheck Info: File `informe.out' has not changed.
(rerunfilecheck)             Checksum: A5944FA32592CF05087AAEF064D0B1A6;375.


LaTeX Warning: There were undefined references.

Package atveryend Info: Empty hook `AtVeryVeryEnd' on input line 574.
 )
(\end occurred when \ifx on line 334 was incomplete)
(\end occurred when \ifx on line 274 was incomplete)
(\end occurred when \ifx on line 238 was incomplete) 
Here is how much of TeX's memory you used:
 12702 strings out of 493673
 179158 string characters out of 3143954
 435162 words of memory out of 3000000
 15781 multiletter control sequences out of 15000+200000
 40229 words of font info for 78 fonts, out of 3000000 for 9000
 1025 hyphenation exceptions out of 8191
 41i,10n,40p,592b,2533s stack positions out of 5000i,500n,10000p,200000b,50000s
{C:/Program Files/MiKTeX 2.
9/fonts/enc/dvips/fontname/8r.enc}<C:/Program Files/MiKTeX 2.9/fonts/type1/publ
ic/amsfonts/cm/cmex10.pfb><C:/Program Files/MiKTeX 2.9/fonts/type1/public/amsfo
nts/cmextra/cmex7.pfb><C:/Program Files/MiKTeX 2.9/fonts/type1/public/amsfonts/
cm/cmmi10.pfb><C:/Program Files/MiKTeX 2.9/fonts/type1/public/amsfonts/cm/cmmi5
.pfb><C:/Program Files/MiKTeX 2.9/fonts/type1/public/amsfonts/cm/cmmi7.pfb><C:/
Program Files/MiKTeX 2.9/fonts/type1/public/amsfonts/cm/cmr10.pfb><C:/Program F
iles/MiKTeX 2.9/fonts/type1/public/amsfonts/cm/cmr5.pfb><C:/Program Files/MiKTe
X 2.9/fonts/type1/public/amsfonts/cm/cmr7.pfb><C:/Program Files/MiKTeX 2.9/font
s/type1/public/amsfonts/cm/cmsy10.pfb><C:/Program Files/MiKTeX 2.9/fonts/type1/
public/amsfonts/cm/cmsy5.pfb><C:/Program Files/MiKTeX 2.9/fonts/type1/public/am
sfonts/cm/cmsy7.pfb><C:/Program Files/MiKTeX 2.9/fonts/type1/urw/courier/ucrr8a
.pfb><C:/Program Files/MiKTeX 2.9/fonts/type1/urw/times/utmb8a.pfb><C:/Program 
Files/MiKTeX 2.9/fonts/type1/urw/times/utmr8a.pfb><C:/Program Files/MiKTeX 2.9/
fonts/type1/urw/times/utmri8a.pfb>
Output written on informe.pdf (8 pages, 424465 bytes).
PDF statistics:
 302 PDF objects out of 1000 (max. 8388607)
 141 named destinations out of 1000 (max. 500000)
 72 words of extra memory for PDF output out of 10000 (max. 10000000)

